<?xml version="1.0" encoding="UTF-8"?>
<!-- Generated by org.testng.reporters.JUnitReportReporter -->
<testsuite hostname="709942bd79ce577" failures="0" tests="2" name="src.com.ust.test.SecondTest2" time="0.005" errors="0" timestamp="2023-03-30T16:53:51 IST" skipped="0">
  <testcase classname="src.com.ust.test.SecondTest2" name="f" time="0.002"/>
  <system-out/>
  <testcase classname="src.com.ust.test.SecondTest2" name="a" time="0.003"/>
  <system-out/>
</testsuite> <!-- src.com.ust.test.SecondTest2 -->
